<?xml version="1.0" encoding="UTF-8"?>
<!-- Generated by org.testng.reporters.JUnitXMLReporter -->
<testsuite ignored="0" hostname="LAPTOP-IF1T13DB" failures="0" tests="6" name="Test" time="236.102" errors="0" timestamp="2024-08-21T17:25:58 IST">
  <testcase classname="test.TC001_Signup" name="createAccount" time="12.514"/>
  <testcase classname="test.TC001_Signup" name="menuShopingCart" time="24.358"/>
  <testcase classname="test.TC001_Signup" name="paymentInformation" time="57.983"/>
  <testcase classname="test.TC001_Signup" name="shopingCart" time="37.851"/>
  <testcase classname="test.TC001_Signup" name="signIn" time="15.277"/>
  <testcase classname="test.TC001_Signup" name="validateTitle" time="16.852"/>
</testsuite> <!-- Test -->
