<?xml version="1.0" encoding="UTF-8"?>
<testsuite xmlns:xsi="http://www.w3.org/2001/XMLSchema-instance" xsi:noNamespaceSchemaLocation="https://maven.apache.org/surefire/maven-surefire-plugin/xsd/surefire-test-report-3.0.xsd" version="3.0" name="TestSuite" time="237.143" tests="6" errors="0" skipped="0" failures="0">
  <properties>
[...]
</properties>
  <testcase name="createAccount[[Ljava.lang.String;@176f7f3b](1)" classname="test.TC001_Signup" time="12.515">
    <system-out><![CDATA[https://www.bestbuy.com/ - OK
]]></system-out>
    <system-err><![CDATA[SLF4J: Failed to load class "org.slf4j.impl.StaticLoggerBinder".
SLF4J: Defaulting to no-operation (NOP) logger implementation
SLF4J: See http://www.slf4j.org/codes.html#StaticLoggerBinder for further details.
ERROR StatusLogger Log4j2 could not find a logging implementation. Please add log4j-core to the classpath. Using SimpleLogger to log to the console...
Aug 21, 2024 5:22:03 PM org.openqa.selenium.devtools.CdpVersionFinder findNearestMatch
WARNING: Unable to find an exact match for CDP version 127, returning the closest version; found: 126; Please update to a Selenium version that supports CDP version 127
]]></system-err>
  </testcase>
  <testcase name="menuShopingCart" classname="test.TC001_Signup" time="24.357">
    <system-out><![CDATA[https://www.bestbuy.com/ - OK
]]></system-out>
    <system-err><![CDATA[Aug 21, 2024 5:22:28 PM org.openqa.selenium.devtools.CdpVersionFinder findNearestMatch
WARNING: Unable to find an exact match for CDP version 127, returning the closest version; found: 126; Please update to a Selenium version that supports CDP version 127
]]></system-err>
  </testcase>
  <testcase name="paymentInformation" classname="test.TC001_Signup" time="57.983">
    <system-out><![CDATA[https://www.bestbuy.com/ - OK
paymentInformation exception]]></system-out>
    <system-err><![CDATA[Aug 21, 2024 5:23:03 PM org.openqa.selenium.devtools.CdpVersionFinder findNearestMatch
WARNING: Unable to find an exact match for CDP version 127, returning the closest version; found: 126; Please update to a Selenium version that supports CDP version 127
]]></system-err>
  </testcase>
  <testcase name="shopingCart" classname="test.TC001_Signup" time="37.855">
    <system-out><![CDATA[https://www.bestbuy.com/ - OK
shopingCart exception]]></system-out>
    <system-err><![CDATA[Aug 21, 2024 5:24:13 PM org.openqa.selenium.devtools.CdpVersionFinder findNearestMatch
WARNING: Unable to find an exact match for CDP version 127, returning the closest version; found: 126; Please update to a Selenium version that supports CDP version 127
]]></system-err>
  </testcase>
  <testcase name="signIn" classname="test.TC001_Signup" time="15.276">
    <system-out><![CDATA[https://www.bestbuy.com/ - OK
]]></system-out>
    <system-err><![CDATA[Aug 21, 2024 5:25:03 PM org.openqa.selenium.devtools.CdpVersionFinder findNearestMatch
WARNING: Unable to find an exact match for CDP version 127, returning the closest version; found: 126; Please update to a Selenium version that supports CDP version 127
]]></system-err>
  </testcase>
  <testcase name="validateTitle" classname="test.TC001_Signup" time="16.849">
    <system-out><![CDATA[https://www.bestbuy.com/ - OK
Top Deals and Featured Offers on Electronics - Best Buy
validateTitle exception]]></system-out>
    <system-err><![CDATA[Aug 21, 2024 5:25:29 PM org.openqa.selenium.devtools.CdpVersionFinder findNearestMatch
WARNING: Unable to find an exact match for CDP version 127, returning the closest version; found: 126; Please update to a Selenium version that supports CDP version 127
]]></system-err>
  </testcase>
</testsuite>